\BOOKMARK [1][-]{section.1}{\376\377\137\025\212\000}{}% 1
\BOOKMARK [1][-]{section.2}{\376\377\137\000\123\321\166\356\150\007\116\016\156\070\142\017\213\276\213\241\147\204\140\363}{}% 2
\BOOKMARK [2][-]{subsection.2.1}{\376\377\140\073\117\123\166\356\150\007}{section.2}% 3
\BOOKMARK [2][-]{subsection.2.2}{\376\377\156\070\142\017\137\142\140\001\116\016\160\165\141\037\147\145\156\220}{section.2}% 4
\BOOKMARK [2][-]{subsection.2.3}{\376\377\163\251\154\325\116\016\116\244\116\222\166\204\121\167\117\123\213\276\133\232}{section.2}% 5
\BOOKMARK [1][-]{section.3}{\376\377\140\073\117\123\147\266\147\204\213\276\213\241\116\016\213\276\213\241\164\006\137\365}{}% 6
\BOOKMARK [2][-]{subsection.3.1}{\376\377\140\073\117\123\176\323\147\204}{section.3}% 7
\BOOKMARK [2][-]{subsection.3.2}{\376\377\000E\000C\000S\000\040\147\266\147\204\166\204\137\025\121\145}{section.3}% 8
\BOOKMARK [2][-]{subsection.3.3}{\376\377\150\070\137\303\142\275\214\141\116\016\200\114\215\043\217\271\165\114}{section.3}% 9
\BOOKMARK [2][-]{subsection.3.4}{\376\377\213\276\213\241\164\006\137\365\377\032\123\357\157\024\217\333\116\016\123\357\232\214\213\301}{section.3}% 10
\BOOKMARK [1][-]{section.4}{\376\377\121\163\225\056\142\200\147\057\225\356\230\230\116\016\211\343\121\263\145\271\150\110}{}% 11
\BOOKMARK [2][-]{subsection.4.1}{\376\377\156\070\142\017\137\252\163\257\116\016\146\364\145\260\202\202\131\117\143\247\122\066}{section.4}% 12
\BOOKMARK [2][-]{subsection.4.2}{\376\377\136\166\210\114\213\241\173\227\116\016\136\166\123\321\143\247\122\066}{section.4}% 13
\BOOKMARK [2][-]{subsection.4.3}{\376\377\220\032\117\341\145\110\163\207\377\032\123\117\213\256\213\276\213\241\060\001\123\005\117\123\143\247\122\066\116\016\200\314\123\213}{section.4}% 14
\BOOKMARK [2][-]{subsection.4.4}{\376\377\133\242\142\067\172\357\143\322\120\074\377\032\127\050\142\226\122\250\116\013\117\335\143\001\211\306\211\311\136\163\156\321}{section.4}% 15
\BOOKMARK [2][-]{subsection.4.5}{\376\377\137\125\122\066\060\001\126\336\145\076\116\016\133\130\150\143\377\032\176\337\116\000\166\204\145\160\143\156\210\150\217\276}{section.4}% 16
\BOOKMARK [2][-]{subsection.4.6}{\376\377\217\223\121\145\217\223\121\372\116\016\123\357\171\373\151\015\140\047}{section.4}% 17
\BOOKMARK [1][-]{section.5}{\376\377\135\345\172\013\145\271\154\325\116\016\217\157\116\366\135\345\172\013\133\236\215\365}{}% 18
\BOOKMARK [2][-]{subsection.5.1}{\376\377\000M\000a\000v\000e\000n\000\040\116\016\117\235\215\126\173\241\164\006}{section.5}% 19
\BOOKMARK [2][-]{subsection.5.2}{\376\377\143\001\176\355\226\306\142\020\116\016\215\050\221\317\225\350\171\201}{section.5}% 20
\BOOKMARK [2][-]{subsection.5.3}{\376\377\000J\000U\000n\000i\000t\000\040\123\125\121\103\155\113\213\325\116\016\211\206\166\326\163\207\173\126\165\145}{section.5}% 21
\BOOKMARK [2][-]{subsection.5.4}{\376\377\227\142\124\021\133\371\214\141\116\016\213\276\213\241\152\041\137\017\166\204\135\345\172\013\145\066\166\312}{section.5}% 22
\BOOKMARK [2][-]{subsection.5.5}{\376\377\137\000\123\321\155\101\172\013\116\016\116\343\170\001\215\050\221\317\143\247\122\066}{section.5}% 23
\BOOKMARK [2][-]{subsection.5.6}{\376\377\137\000\123\321\155\101\172\013\116\016\116\343\170\001\215\050\221\317\143\247\122\066}{section.5}% 24
\BOOKMARK [1][-]{section.6}{\376\377\213\376\172\013\141\037\212\000\116\016\136\372\213\256}{}% 25
\BOOKMARK [2][-]{subsection.6.1}{\376\377\145\066\203\267\377\032\116\316\213\355\212\000\162\171\140\047\122\060\135\345\172\013\200\375\122\233}{section.6}% 26
\BOOKMARK [2][-]{subsection.6.2}{\376\377\136\372\213\256}{section.6}% 27
