This is XeTeX, Version 3.141592653-2.6-0.999997 (TeX Live 2025) (preloaded format=xelatex 2025.6.28)  31 DEC 2025 01:15
entering extended mode
 restricted \write18 enabled.
 file:line:error style messages enabled.
 %&-line parsing enabled.
**e:/Desktop/j07-Pluto599/ssi-template/sciscn.tex
(e:/Desktop/j07-Pluto599/ssi-template/sciscn.tex
LaTeX2e <2024-11-01> patch level 2
L3 programming layer <2025-01-18>
(./SCIS2026cn.cls
Invalid UTF-8 byte or sequence at line 3 replaced by U+FFFD.
Invalid UTF-8 byte or sequence at line 3 replaced by U+FFFD.
Invalid UTF-8 byte or sequence at line 3 replaced by U+FFFD.
Invalid UTF-8 byte or sequence at line 3 replaced by U+FFFD.
Invalid UTF-8 byte or sequence at line 3 replaced by U+FFFD.
Invalid UTF-8 byte or sequence at line 3 replaced by U+FFFD.

Document Class: SCIS2026cn 2025/11/11, 3.03

! LaTeX Error: File `cctart.cls' not found.

Type X to quit or <RETURN> to proceed,
or enter new name. (Default extension: cls)

Enter file name: 
./SCIS2026cn.cls:14: Emergency stop.
<read *> 
         
l.14 \RequirePackage
                    {amsmath,amsthm,amsfonts,amssymb,bm,upgreek,multicol,mat...
*** (cannot \read from terminal in nonstop modes)

 
Here is how much of TeX's memory you used:
 42 strings out of 473832
 821 string characters out of 5726732
 386383 words of memory out of 5000000
 23204 multiletter control sequences out of 15000+600000
 558837 words of font info for 36 fonts, out of 8000000 for 9000
 1348 hyphenation exceptions out of 8191
 33i,0n,43p,207b,17s stack positions out of 10000i,1000n,20000p,200000b,200000s
No pages of output.
